 ⛅️ wrangler 3.4.0 (update available 3.9.0)
-----------------------------------------------------
Running custom build: /home/alik/people/didalik/dak/util/meta/bin/build.sh

  dist/index.mjs  32.3kb

⚡ Done in 4ms
Your worker has access to the following bindings:
- Durable Objects:
  - vault_DO: MWorkerDO
  - registry_DO: MWorkerDO (defined in svc-registry)
- KV Namespaces:
  - vault_kvns: 458c8e4039944f7b95b535da6d3a02b9
  - registry_kvns: 694b621a235e4addacddf1a982779bae
- Vars:
  - owner_pk: "BHygG8swZNw5vX4qPJakZTIPUx5ycJbTeBShT..."
  - svc_pk: "BArxVwvZYolfJa+pfUIDaRrHStnPZhHe53VMt..."
  - that_svc_name: "registry"
  - this_svc_name: "vault"
Total Upload: 36.73 KiB / gzip: 10.11 KiB
Uploaded svc-vault (1.59 sec)
Published svc-vault (0.26 sec)
  https://svc-vault.didalik.workers.dev
Current Deployment ID: 6b99e646-80b6-4a0f-8cad-130f201ca594
- meta.addagent 3: vault remote get PWD /home/alik/people/didalik/dak/util/meta/tmp/vault
{
  AGENT_PK: 'BHygG8swZNw5vX4qPJakZTIPUx5ycJbTeBShTQRhuA7YTXLtlwXT9AhLAvhcoVhgrBWfYxgV2I2u1JFay/2+8XOFBu5yZjDay6FPBNl1k3CvbmnAl8E1jBPewqJxjKQa2w==',
  value: { timestamp: 1695069714157 },
  metadata: { OWNER: true, AGENT: true, USER: true },
  doInfo: { OWNER_sequence: 8, AGENT_sequence: 0, USER_sequence: 0 }
}
OK
- meta.adduser 3: vault remote get PWD /home/alik/people/didalik/dak/util/meta/tmp/vault
{
  USER_PK: 'BHygG8swZNw5vX4qPJakZTIPUx5ycJbTeBShTQRhuA7YTXLtlwXT9AhLAvhcoVhgrBWfYxgV2I2u1JFay/2+8XOFBu5yZjDay6FPBNl1k3CvbmnAl8E1jBPewqJxjKQa2w==',
  value: { timestamp: 1695069714157 },
  metadata: { OWNER: true, AGENT: true, USER: true },
  doInfo: { OWNER_sequence: 8, AGENT_sequence: 0, USER_sequence: 0 }
}
OK
- meta.newagent 5: ./keys-owner-remote ./keys-newagent-remote vault remote get PWD /home/alik/people/didalik/dak/util/meta/tmp/vault
{
  AGENT_PK: 'BADKKYWHXdF17N9HyUzLZr6UaazZNnmt9UxcNO49sqv66hl53PinQBcrb1A1VJwznPizMUUKyNjODr8bWx1duvR/7/HK/ru+nNHlvAGC8amZ5Uu+SlHtdsxFSbx0kYwTVA==',
  value: { timestamp: 1695244795004 },
  metadata: { AGENT: true },
  doInfo: { AGENT_sequence: 0 }
}
OK
- meta.adduser 3: vault remote get PWD /home/alik/people/didalik/dak/util/meta/tmp/vault
{
  USER_PK: 'BADKKYWHXdF17N9HyUzLZr6UaazZNnmt9UxcNO49sqv66hl53PinQBcrb1A1VJwznPizMUUKyNjODr8bWx1duvR/7/HK/ru+nNHlvAGC8amZ5Uu+SlHtdsxFSbx0kYwTVA==',
  value: { timestamp: 1695244795004 },
  metadata: { AGENT: true, USER: true },
  doInfo: { AGENT_sequence: 0, USER_sequence: 0 }
}
OK
- meta.newuser 5: ./keys-newagent-remote ./keys-newuser-remote vault remote get PWD /home/alik/people/didalik/dak/util/meta/tmp/vault
{
  USER_PK: 'BDnSrtWCATwrNyge+sg3g+kScz5uVkaLQiJP5VwUtMbfg/U684iuyNGqSxsKhPaeRmpjWByF+MucVb/yCr2AhMu51SytEV1mIJf0DimTsBhk0UG06fNhMV8dsDoJ07DQ4g==',
  value: { timestamp: 1695244796382 },
  metadata: { USER: true },
  doInfo: { USER_sequence: 0 }
}
OK
- meta.share_svc 2: vault remote PWD /home/alik/people/didalik/dak/util/meta/tmp/vault
- share_svc_parms data2sign 9
{
  actor: {
    authenticated: true,
    pk: 'BHygG8swZNw5vX4qPJakZTIPUx5ycJbTeBShTQRhuA7YTXLtlwXT9AhLAvhcoVhgrBWfYxgV2I2u1JFay/2+8XOFBu5yZjDay6FPBNl1k3CvbmnAl8E1jBPewqJxjKQa2w==',
    metadata: { OWNER: true, AGENT: true, USER: true },
    value: { timestamp: 1695069714157 },
    svc_value: { timestamp: 1695069714156 },
    signedData: '9',
    text: 'OK',
    rDOresp: {
      SVC_ID: '1695069714156',
      SVC_INFO: {
        SVC_COMMIT_ID: 'undefined',
        SVC_START: 'dist/index.mjs',
        SVC_NAME: 'vault',
        SVC_URL: 'ssh://didalik_aim@gc:/home/didalik_aim/people/didalik/dak/util/meta/tmp/vault'
      }
    }
  }
}
OK
- meta.use_svc 2: vault remote PWD /home/alik/people/didalik/dak/util/meta/tmp/vault
- USER_SK {"key_ops":["sign"],"ext":true,"kty":"EC","x":"OdKu1YIBPCs3KB76yDeD6RJzPm5WRotCIk_lXBS0xt-D9TrziK7I0apLGwqE9p5G","y":"amNYHIX4y5xVv_IKvYCEy7nVLK0RXWYgl_QOKZOwGGTRQbTp82ExXx2wOgnTsNDi","crv":"P-384","d":"vOVMy8zAcvD2PH8u-BPOXy5Xvrqmts7LclVJY1EiMlyrVbfy9BkzHl2iH7vQ7_G4"}
- USER_PK BDnSrtWCATwrNyge+sg3g+kScz5uVkaLQiJP5VwUtMbfg/U684iuyNGqSxsKhPaeRmpjWByF+MucVb/yCr2AhMu51SytEV1mIJf0DimTsBhk0UG06fNhMV8dsDoJ07DQ4g==
- USER_URL https://svc-vault.didalik.workers.dev/svc/user_url_stub?actorPK=BDnSrtWCATwrNyge%2Bsg3g%2BkScz5uVkaLQiJP5VwUtMbfg%2FU684iuyNGqSxsKhPaeRmpjWByF%2BMucVb%2FyCr2AhMu51SytEV1mIJf0DimTsBhk0UG06fNhMV8dsDoJ07DQ4g%3D%3D&eb64d=Mg%3D%3D&eb64s=5aKtb33DE1d8%2BLQdkNoV6LS%2Bs4lLAkD9oRHLIbY6iFuYgpmL8yGEYC1tSKOKuDTpywjkRiEUfb9MkQNIoRh8tpmdg5PAHBkvdqm2TZimbmzW72Z0AK6H9NapDi7szlg8
- WS_USER_URL wss://svc-vault.didalik.workers.dev/ws/user/1695244796382?actorPK=BDnSrtWCATwrNyge%2Bsg3g%2BkScz5uVkaLQiJP5VwUtMbfg%2FU684iuyNGqSxsKhPaeRmpjWByF%2BMucVb%2FyCr2AhMu51SytEV1mIJf0DimTsBhk0UG06fNhMV8dsDoJ07DQ4g%3D%3D&SVC_PK=BArxVwvZYolfJa%2BpfUIDaRrHStnPZhHe53VMtYczlKsuhsRRHsr4kty17dIvwM7DsDxrTI4YmyrikbLkcMtg7aMHfwbyYRPMAgNwyae2123eATr8%2BTzL9YZMSSYInQlONw%3D%3D&eb64d=MQ%3D%3D&eb64s=mMV%2BBkeqfUXO8%2BlICNqFvnvTBWBnlt9EkppXlZZFmAio1c1SuFIYaTtN7qQz23P8qEOX9BiVsWwcTFUwX%2BKoH7HfPdUDaUo58D1W%2FLSPte6NAuvjfQmNO0zItQgSHCZp
- meta.offer_svc 2: vault remote PWD /home/alik/people/didalik/dak/util/meta/tmp/vault
- Run.#bind d { AGENT_sequence: 1, USER_sequence: 0, ACTOR_ID: '1695244795004' } url wss://svc-vault.didalik.workers.dev/ws/agent/1695244795004?actorPK=BADKKYWHXdF17N9HyUzLZr6UaazZNnmt9UxcNO49sqv66hl53PinQBcrb1A1VJwznPizMUUKyNjODr8bWx1duvR%2F7%2FHK%2Fru%2BnNHlvAGC8amZ5Uu%2BSlHtdsxFSbx0kYwTVA%3D%3D&SVC_PK=BArxVwvZYolfJa%2BpfUIDaRrHStnPZhHe53VMtYczlKsuhsRRHsr4kty17dIvwM7DsDxrTI4YmyrikbLkcMtg7aMHfwbyYRPMAgNwyae2123eATr8%2BTzL9YZMSSYInQlONw%3D%3D&eb64d=MQ%3D%3D&eb64s=HwQmg7cbMPtnOUBWjX7VnXKtUntVK6Rik4zyUZIjXC48cXa4Yrk7hfXxNuOoL22NYnk%2FRzPUlsTo8sXApMqUouwntmkJHuH3gXRIE214ta8D%2FfYvh%2FsbCLR2SCbQTBug
+ 390 ms: connected!
+ 374 ms: - Run.#bind ws.message ["roger that 1"]
+ 1 ms: - Run.#bind ws.message ["roger that 2"]
+ 2 ms: - Run.#bind ws.message ["roger that 3"]
+ 0 ms: - Run.#bind ws.message ["roger that 4"]
+ 0 ms: - Run.#bind ws.message ["roger that 5"]
+ 1 ms: - Run.#bind ws.message ["roger that 6"]
+ 0 ms: - Run.#bind ws.message ["roger that 7"]
+ 2 ms: - Run.#bind ws.message ["roger that 8"]
+ 1 ms: - Run.#bind ws.message ["roger that 9"]
+ 0 ms: - Run.#bind ws.message ["roger that 10"]
+ 1196 ms: Run.#bind.onopen.ondata d Welcome to svc-echo! Type something, then press Enter:,
+ 3 ms: Run.#bind.onopen.ondata d roger that 1,roger that 2,roger that 3,roger that 4,roger that 5,roger that 6,roger that 7,roger that 8,roger that 9,roger that 10,
^C+ 27512 ms: SIGINT, closing connection and stopping the service...
+ 1 ms: - Run.stop sent
+ 4 ms: - Run.stop sent
+ 54 ms: - Run.#bind ws.close 1000: disconnected, will try to reconnect in 5 seconds
/home/alik/people/didalik/dak/util/meta/test/aim

Interrupt: Press ENTER or type command to continue

