alik@linux:~/people/didalik/sandbox/ssh-kid-image$vim -S default.session 

make[1]: Entering directory '/home/alik/people/didalik/sandbox/ssh-kid-image/configure-ssh'
make[2]: Entering directory '/home/alik/people/didalik/sandbox/ssh-kid-image/configure-ssh/kid-git-role'
* Build and push didalik/role-based-repos:1.0.0
Sending build context to Docker daemon  163.3kB
Step 1/17 : FROM ubuntu
 ---> 3f5ef9003cef
Step 2/17 : RUN apt-get -q update;  DEBIAN_FRONTEND="noninteractive" apt-get -y install apt-utils tzdata openssh-client openssh-server git;  useradd -rmd /home/devops -s /bin/bash -u 1001 devops;  useradd -rmd /home/prod -s /bin/bash -u 1002 prod;  useradd -rmd /home/kid -s /bin/bash -u 1003 kid
 ---> Running in 5c237852c3bd
Get:1 http://ports.ubuntu.com/ubuntu-ports jammy InRelease [270 kB]
Get:2 http://ports.ubuntu.com/ubuntu-ports jammy-updates InRelease [119 kB]
Get:3 http://ports.ubuntu.com/ubuntu-ports jammy-backports InRelease [108 kB]
Get:4 http://ports.ubuntu.com/ubuntu-ports jammy-security InRelease [110 kB]
Get:5 http://ports.ubuntu.com/ubuntu-ports jammy/universe arm64 Packages [17.2 MB]
Get:6 http://ports.ubuntu.com/ubuntu-ports jammy/main arm64 Packages [1758 kB]
Get:7 http://ports.ubuntu.com/ubuntu-ports jammy/restricted arm64 Packages [24.2 kB]
Get:8 http://ports.ubuntu.com/ubuntu-ports jammy/multiverse arm64 Packages [224 kB]
Get:9 http://ports.ubuntu.com/ubuntu-ports jammy-updates/restricted arm64 Packages [186 kB]
Get:10 http://ports.ubuntu.com/ubuntu-ports jammy-updates/multiverse arm64 Packages [22.9 kB]
Get:11 http://ports.ubuntu.com/ubuntu-ports jammy-updates/universe arm64 Packages [1030 kB]
Get:12 http://ports.ubuntu.com/ubuntu-ports jammy-updates/main arm64 Packages [719 kB]
Get:13 http://ports.ubuntu.com/ubuntu-ports jammy-backports/main arm64 Packages [48.9 kB]
Get:14 http://ports.ubuntu.com/ubuntu-ports jammy-backports/universe arm64 Packages [23.6 kB]
Get:15 http://ports.ubuntu.com/ubuntu-ports jammy-security/restricted arm64 Packages [185 kB]
Get:16 http://ports.ubuntu.com/ubuntu-ports jammy-security/main arm64 Packages [447 kB]
Get:17 http://ports.ubuntu.com/ubuntu-ports jammy-security/universe arm64 Packages [797 kB]
Get:18 http://ports.ubuntu.com/ubuntu-ports jammy-security/multiverse arm64 Packages [18.7 kB]
Fetched 23.3 MB in 4s (5912 kB/s)
Reading package lists...
Reading package lists...
Building dependency tree...
Reading state information...
The following additional packages will be installed:
  ca-certificates dbus distro-info-data dmsetup gir1.2-glib-2.0 git-man less
  libapparmor1 libargon2-1 libbrotli1 libbsd0 libcbor0.8 libcryptsetup12
  libcurl3-gnutls libdbus-1-3 libdevmapper1.02.1 libedit2 liberror-perl
  libexpat1 libfido2-1 libgdbm-compat4 libgdbm6 libgirepository-1.0-1
  libglib2.0-0 libglib2.0-data libicu70 libip4tc2 libjson-c5 libkmod2
  libldap-2.5-0 libldap-common libmd0 libmpdec3 libnghttp2-14 libnss-systemd
  libpam-systemd libperl5.34 libpsl5 libpython3-stdlib libpython3.10-minimal
  libpython3.10-stdlib libreadline8 librtmp1 libsasl2-2 libsasl2-modules
  libsasl2-modules-db libsqlite3-0 libssh-4 libwrap0 libx11-6 libx11-data
  libxau6 libxcb1 libxdmcp6 libxext6 libxml2 libxmuu1 lsb-release media-types
  ncurses-term netbase networkd-dispatcher openssh-sftp-server openssl patch
  perl perl-modules-5.34 publicsuffix python3 python3-dbus python3-distro
  python3-gi python3-minimal python3.10 python3.10-minimal readline-common
  shared-mime-info ssh-import-id systemd systemd-sysv systemd-timesyncd ucf
  wget xauth xdg-user-dirs
Suggested packages:
  default-dbus-session-bus | dbus-session-bus gettext-base git-daemon-run
  | git-daemon-sysvinit git-doc git-email git-gui gitk gitweb git-cvs
  git-mediawiki git-svn gdbm-l10n libsasl2-modules-gssapi-mit
  | libsasl2-modules-gssapi-heimdal libsasl2-modules-ldap libsasl2-modules-otp
  libsasl2-modules-sql iw | wireless-tools keychain libpam-ssh monkeysphere
  ssh-askpass molly-guard ufw ed diffutils-doc perl-doc
  libterm-readline-gnu-perl | libterm-readline-perl-perl make
  libtap-harness-archive-perl python3-doc python3-tk python3-venv
  python-dbus-doc python3.10-venv python3.10-doc binutils binfmt-support
  readline-doc systemd-container libtss2-esys-3.0.2-0 libtss2-mu0 libtss2-rc0
  policykit-1
The following NEW packages will be installed:
  apt-utils ca-certificates dbus distro-info-data dmsetup gir1.2-glib-2.0 git
  git-man less libapparmor1 libargon2-1 libbrotli1 libbsd0 libcbor0.8
  libcryptsetup12 libcurl3-gnutls libdbus-1-3 libdevmapper1.02.1 libedit2
  liberror-perl libexpat1 libfido2-1 libgdbm-compat4 libgdbm6
  libgirepository-1.0-1 libglib2.0-0 libglib2.0-data libicu70 libip4tc2
  libjson-c5 libkmod2 libldap-2.5-0 libldap-common libmd0 libmpdec3
  libnghttp2-14 libnss-systemd libpam-systemd libperl5.34 libpsl5
  libpython3-stdlib libpython3.10-minimal libpython3.10-stdlib libreadline8
  librtmp1 libsasl2-2 libsasl2-modules libsasl2-modules-db libsqlite3-0
  libssh-4 libwrap0 libx11-6 libx11-data libxau6 libxcb1 libxdmcp6 libxext6
  libxml2 libxmuu1 lsb-release media-types ncurses-term netbase
  networkd-dispatcher openssh-client openssh-server openssh-sftp-server
  openssl patch perl perl-modules-5.34 publicsuffix python3 python3-dbus
  python3-distro python3-gi python3-minimal python3.10 python3.10-minimal
  readline-common shared-mime-info ssh-import-id systemd systemd-sysv
  systemd-timesyncd tzdata ucf wget xauth xdg-user-dirs
0 upgraded, 90 newly installed, 0 to remove and 4 not upgraded.
Need to get 44.9 MB of archives.
After this operation, 185 MB of additional disk space will be used.
Get:1 http://ports.ubuntu.com/ubuntu-ports jammy-updates/main arm64 libpython3.10-minimal arm64 3.10.6-1~22.04.2ubuntu1 [807 kB]
Get:2 http://ports.ubuntu.com/ubuntu-ports jammy-updates/main arm64 libexpat1 arm64 2.4.7-1ubuntu0.2 [76.8 kB]
Get:3 http://ports.ubuntu.com/ubuntu-ports jammy-updates/main arm64 python3.10-minimal arm64 3.10.6-1~22.04.2ubuntu1 [2244 kB]
Get:4 http://ports.ubuntu.com/ubuntu-ports jammy-updates/main arm64 python3-minimal arm64 3.10.6-1~22.04 [24.3 kB]
Get:5 http://ports.ubuntu.com/ubuntu-ports jammy/main arm64 media-types all 7.0.0 [25.5 kB]
Get:6 http://ports.ubuntu.com/ubuntu-ports jammy/main arm64 libmpdec3 arm64 2.5.1-2build2 [89.0 kB]
Get:7 http://ports.ubuntu.com/ubuntu-ports jammy/main arm64 readline-common all 8.1.2-1 [53.5 kB]
Get:8 http://ports.ubuntu.com/ubuntu-ports jammy/main arm64 libreadline8 arm64 8.1.2-1 [153 kB]
Get:9 http://ports.ubuntu.com/ubuntu-ports jammy-updates/main arm64 libsqlite3-0 arm64 3.37.2-2ubuntu0.1 [636 kB]
Get:10 http://ports.ubuntu.com/ubuntu-ports jammy-updates/main arm64 libpython3.10-stdlib arm64 3.10.6-1~22.04.2ubuntu1 [1828 kB]
Get:11 http://ports.ubuntu.com/ubuntu-ports jammy-updates/main arm64 python3.10 arm64 3.10.6-1~22.04.2ubuntu1 [497 kB]
Get:12 http://ports.ubuntu.com/ubuntu-ports jammy-updates/main arm64 libpython3-stdlib arm64 3.10.6-1~22.04 [6910 B]
Get:13 http://ports.ubuntu.com/ubuntu-ports jammy-updates/main arm64 python3 arm64 3.10.6-1~22.04 [22.8 kB]
Get:14 http://ports.ubuntu.com/ubuntu-ports jammy-updates/main arm64 libapparmor1 arm64 3.0.4-2ubuntu2.2 [38.8 kB]
Get:15 http://ports.ubuntu.com/ubuntu-ports jammy/main arm64 libargon2-1 arm64 0~20171227-0.3 [18.6 kB]
Get:16 http://ports.ubuntu.com/ubuntu-ports jammy/main arm64 libdevmapper1.02.1 arm64 2:1.02.175-2.1ubuntu4 [129 kB]
Get:17 http://ports.ubuntu.com/ubuntu-ports jammy-updates/main arm64 libjson-c5 arm64 0.15-3~ubuntu1.22.04.1 [32.7 kB]
Get:18 http://ports.ubuntu.com/ubuntu-ports jammy-updates/main arm64 libcryptsetup12 arm64 2:2.4.3-1ubuntu1.1 [208 kB]
Get:19 http://ports.ubuntu.com/ubuntu-ports jammy/main arm64 libip4tc2 arm64 1.8.7-1ubuntu5 [19.8 kB]
Get:20 http://ports.ubuntu.com/ubuntu-ports jammy/main arm64 libkmod2 arm64 29-1ubuntu1 [46.4 kB]
Get:21 http://ports.ubuntu.com/ubuntu-ports jammy-updates/main arm64 systemd arm64 249.11-0ubuntu3.9 [4421 kB]
Get:22 http://ports.ubuntu.com/ubuntu-ports jammy-updates/main arm64 systemd-sysv arm64 249.11-0ubuntu3.9 [10.5 kB]
Get:23 http://ports.ubuntu.com/ubuntu-ports jammy/main arm64 libmd0 arm64 1.0.4-1build1 [23.8 kB]
Get:24 http://ports.ubuntu.com/ubuntu-ports jammy/main arm64 libbsd0 arm64 0.11.5-1 [43.7 kB]
Get:25 http://ports.ubuntu.com/ubuntu-ports jammy/main arm64 libedit2 arm64 3.1-20210910-1build1 [96.0 kB]
Get:26 http://ports.ubuntu.com/ubuntu-ports jammy/main arm64 libcbor0.8 arm64 0.8.0-2ubuntu1 [24.3 kB]
Get:27 http://ports.ubuntu.com/ubuntu-ports jammy/main arm64 libfido2-1 arm64 1.10.0-1 [81.8 kB]
Get:28 http://ports.ubuntu.com/ubuntu-ports jammy-updates/main arm64 openssh-client arm64 1:8.9p1-3ubuntu0.1 [866 kB]
Get:29 http://ports.ubuntu.com/ubuntu-ports jammy-updates/main arm64 openssh-sftp-server arm64 1:8.9p1-3ubuntu0.1 [36.8 kB]
Get:30 http://ports.ubuntu.com/ubuntu-ports jammy/main arm64 ucf all 3.0043 [56.1 kB]
Get:31 http://ports.ubuntu.com/ubuntu-ports jammy/main arm64 libwrap0 arm64 7.6.q-31build2 [47.9 kB]
Get:32 http://ports.ubuntu.com/ubuntu-ports jammy-updates/main arm64 openssh-server arm64 1:8.9p1-3ubuntu0.1 [414 kB]
Get:33 http://ports.ubuntu.com/ubuntu-ports jammy-updates/main arm64 perl-modules-5.34 all 5.34.0-3ubuntu1.1 [2976 kB]
Get:34 http://ports.ubuntu.com/ubuntu-ports jammy/main arm64 libgdbm6 arm64 1.23-1 [34.1 kB]
Get:35 http://ports.ubuntu.com/ubuntu-ports jammy/main arm64 libgdbm-compat4 arm64 1.23-1 [6294 B]
Get:36 http://ports.ubuntu.com/ubuntu-ports jammy-updates/main arm64 libperl5.34 arm64 5.34.0-3ubuntu1.1 [4723 kB]
Get:37 http://ports.ubuntu.com/ubuntu-ports jammy-updates/main arm64 perl arm64 5.34.0-3ubuntu1.1 [232 kB]
Get:38 http://ports.ubuntu.com/ubuntu-ports jammy-updates/main arm64 apt-utils arm64 2.4.9 [205 kB]
Get:39 http://ports.ubuntu.com/ubuntu-ports jammy-updates/main arm64 openssl arm64 3.0.2-0ubuntu1.9 [1164 kB]
Get:40 http://ports.ubuntu.com/ubuntu-ports jammy-updates/main arm64 ca-certificates all 20211016ubuntu0.22.04.1 [144 kB]
Get:41 http://ports.ubuntu.com/ubuntu-ports jammy-updates/main arm64 libdbus-1-3 arm64 1.12.20-2ubuntu4.1 [187 kB]
Get:42 http://ports.ubuntu.com/ubuntu-ports jammy-updates/main arm64 dbus arm64 1.12.20-2ubuntu4.1 [154 kB]
Get:43 http://ports.ubuntu.com/ubuntu-ports jammy-updates/main arm64 distro-info-data all 0.52ubuntu0.4 [4986 B]
Get:44 http://ports.ubuntu.com/ubuntu-ports jammy/main arm64 dmsetup arm64 2:1.02.175-2.1ubuntu4 [75.8 kB]
Get:45 http://ports.ubuntu.com/ubuntu-ports jammy-updates/main arm64 libglib2.0-0 arm64 2.72.4-0ubuntu2 [1430 kB]
Get:46 http://ports.ubuntu.com/ubuntu-ports jammy/main arm64 libgirepository-1.0-1 arm64 1.72.0-1 [53.5 kB]
Get:47 http://ports.ubuntu.com/ubuntu-ports jammy/main arm64 gir1.2-glib-2.0 arm64 1.72.0-1 [165 kB]
Get:48 http://ports.ubuntu.com/ubuntu-ports jammy-updates/main arm64 less arm64 590-1ubuntu0.22.04.1 [142 kB]
Get:49 http://ports.ubuntu.com/ubuntu-ports jammy-updates/main arm64 libglib2.0-data all 2.72.4-0ubuntu2 [4968 B]
Get:50 http://ports.ubuntu.com/ubuntu-ports jammy/main arm64 libicu70 arm64 70.1-2 [10.5 MB]
Get:51 http://ports.ubuntu.com/ubuntu-ports jammy-updates/main arm64 libnss-systemd arm64 249.11-0ubuntu3.9 [133 kB]
Get:52 http://ports.ubuntu.com/ubuntu-ports jammy-updates/main arm64 libpam-systemd arm64 249.11-0ubuntu3.9 [205 kB]
Get:53 http://ports.ubuntu.com/ubuntu-ports jammy-updates/main arm64 libxml2 arm64 2.9.13+dfsg-1ubuntu0.3 [728 kB]
Get:54 http://ports.ubuntu.com/ubuntu-ports jammy/main arm64 lsb-release all 11.1.0ubuntu4 [10.8 kB]
Get:55 http://ports.ubuntu.com/ubuntu-ports jammy/main arm64 netbase all 6.3 [12.9 kB]
Get:56 http://ports.ubuntu.com/ubuntu-ports jammy/main arm64 python3-dbus arm64 1.2.18-3build1 [98.5 kB]
Get:57 http://ports.ubuntu.com/ubuntu-ports jammy-updates/main arm64 python3-gi arm64 3.42.1-0ubuntu1 [228 kB]
Get:58 http://ports.ubuntu.com/ubuntu-ports jammy-updates/main arm64 networkd-dispatcher all 2.1-2ubuntu0.22.04.2 [15.8 kB]
Get:59 http://ports.ubuntu.com/ubuntu-ports jammy/main arm64 shared-mime-info arm64 2.1-2 [453 kB]
Get:60 http://ports.ubuntu.com/ubuntu-ports jammy-updates/main arm64 systemd-timesyncd arm64 249.11-0ubuntu3.9 [29.9 kB]
Get:61 http://ports.ubuntu.com/ubuntu-ports jammy-updates/main arm64 tzdata all 2023c-0ubuntu0.22.04.1 [354 kB]
Get:62 http://ports.ubuntu.com/ubuntu-ports jammy/main arm64 xdg-user-dirs arm64 0.17-2ubuntu4 [53.5 kB]
Get:63 http://ports.ubuntu.com/ubuntu-ports jammy/main arm64 libnghttp2-14 arm64 1.43.0-1build3 [75.4 kB]
Get:64 http://ports.ubuntu.com/ubuntu-ports jammy/main arm64 libpsl5 arm64 0.21.0-1.2build2 [58.3 kB]
Get:65 http://ports.ubuntu.com/ubuntu-ports jammy/main arm64 libxau6 arm64 1:1.0.9-1build5 [7624 B]
Get:66 http://ports.ubuntu.com/ubuntu-ports jammy/main arm64 libxdmcp6 arm64 1:1.1.3-0ubuntu5 [10.8 kB]
Get:67 http://ports.ubuntu.com/ubuntu-ports jammy/main arm64 libxcb1 arm64 1.14-3ubuntu3 [49.0 kB]
Get:68 http://ports.ubuntu.com/ubuntu-ports jammy/main arm64 libx11-data all 2:1.7.5-1 [119 kB]
Get:69 http://ports.ubuntu.com/ubuntu-ports jammy/main arm64 libx11-6 arm64 2:1.7.5-1 [661 kB]
Get:70 http://ports.ubuntu.com/ubuntu-ports jammy/main arm64 libxext6 arm64 2:1.3.4-1build1 [31.1 kB]
Get:71 http://ports.ubuntu.com/ubuntu-ports jammy/main arm64 libxmuu1 arm64 2:1.1.3-3 [10.4 kB]
Get:72 http://ports.ubuntu.com/ubuntu-ports jammy/main arm64 publicsuffix all 20211207.1025-1 [129 kB]
Get:73 http://ports.ubuntu.com/ubuntu-ports jammy/main arm64 wget arm64 1.21.2-2ubuntu1 [364 kB]
Get:74 http://ports.ubuntu.com/ubuntu-ports jammy/main arm64 xauth arm64 1:1.1-1build2 [26.8 kB]
Get:75 http://ports.ubuntu.com/ubuntu-ports jammy/main arm64 libbrotli1 arm64 1.0.9-2build6 [314 kB]
Get:76 http://ports.ubuntu.com/ubuntu-ports jammy-updates/main arm64 libsasl2-modules-db arm64 2.1.27+dfsg2-3ubuntu1.2 [21.1 kB]
Get:77 http://ports.ubuntu.com/ubuntu-ports jammy-updates/main arm64 libsasl2-2 arm64 2.1.27+dfsg2-3ubuntu1.2 [55.6 kB]
Get:78 http://ports.ubuntu.com/ubuntu-ports jammy-updates/main arm64 libldap-2.5-0 arm64 2.5.14+dfsg-0ubuntu0.22.04.2 [181 kB]
Get:79 http://ports.ubuntu.com/ubuntu-ports jammy/main arm64 librtmp1 arm64 2.4+20151223.gitfa8646d.1-2build4 [59.2 kB]
Get:80 http://ports.ubuntu.com/ubuntu-ports jammy/main arm64 libssh-4 arm64 0.9.6-2build1 [184 kB]
Get:81 http://ports.ubuntu.com/ubuntu-ports jammy-updates/main arm64 libcurl3-gnutls arm64 7.81.0-1ubuntu1.10 [279 kB]
Get:82 http://ports.ubuntu.com/ubuntu-ports jammy/main arm64 liberror-perl all 0.17029-1 [26.5 kB]
Get:83 http://ports.ubuntu.com/ubuntu-ports jammy-updates/main arm64 git-man all 1:2.34.1-1ubuntu1.9 [954 kB]
Get:84 http://ports.ubuntu.com/ubuntu-ports jammy-updates/main arm64 git arm64 1:2.34.1-1ubuntu1.9 [3223 kB]
Get:85 http://ports.ubuntu.com/ubuntu-ports jammy-updates/main arm64 libldap-common all 2.5.14+dfsg-0ubuntu0.22.04.2 [15.8 kB]
Get:86 http://ports.ubuntu.com/ubuntu-ports jammy-updates/main arm64 libsasl2-modules arm64 2.1.27+dfsg2-3ubuntu1.2 [68.4 kB]
Get:87 http://ports.ubuntu.com/ubuntu-ports jammy/main arm64 ncurses-term all 6.3-2 [267 kB]
Get:88 http://ports.ubuntu.com/ubuntu-ports jammy/main arm64 patch arm64 2.7.6-7build2 [105 kB]
Get:89 http://ports.ubuntu.com/ubuntu-ports jammy/main arm64 python3-distro all 1.7.0-1 [17.0 kB]
Get:90 http://ports.ubuntu.com/ubuntu-ports jammy/main arm64 ssh-import-id all 5.11-0ubuntu1 [10.1 kB]
debconf: delaying package configuration, since apt-utils is not installed
Fetched 44.9 MB in 12s (3602 kB/s)
Selecting previously unselected package libpython3.10-minimal:arm64.
(Reading database ... 4389 files and directories currently installed.)
Preparing to unpack .../libpython3.10-minimal_3.10.6-1~22.04.2ubuntu1_arm64.deb ...
Unpacking libpython3.10-minimal:arm64 (3.10.6-1~22.04.2ubuntu1) ...
Selecting previously unselected package libexpat1:arm64.
Preparing to unpack .../libexpat1_2.4.7-1ubuntu0.2_arm64.deb ...
Unpacking libexpat1:arm64 (2.4.7-1ubuntu0.2) ...
Selecting previously unselected package python3.10-minimal.
Preparing to unpack .../python3.10-minimal_3.10.6-1~22.04.2ubuntu1_arm64.deb ...
Unpacking python3.10-minimal (3.10.6-1~22.04.2ubuntu1) ...
Setting up libpython3.10-minimal:arm64 (3.10.6-1~22.04.2ubuntu1) ...
Setting up libexpat1:arm64 (2.4.7-1ubuntu0.2) ...
Setting up python3.10-minimal (3.10.6-1~22.04.2ubuntu1) ...
Selecting previously unselected package python3-minimal.
(Reading database ... 4691 files and directories currently installed.)
Preparing to unpack .../0-python3-minimal_3.10.6-1~22.04_arm64.deb ...
Unpacking python3-minimal (3.10.6-1~22.04) ...
Selecting previously unselected package media-types.
Preparing to unpack .../1-media-types_7.0.0_all.deb ...
Unpacking media-types (7.0.0) ...
Selecting previously unselected package libmpdec3:arm64.
Preparing to unpack .../2-libmpdec3_2.5.1-2build2_arm64.deb ...
Unpacking libmpdec3:arm64 (2.5.1-2build2) ...
Selecting previously unselected package readline-common.
Preparing to unpack .../3-readline-common_8.1.2-1_all.deb ...
Unpacking readline-common (8.1.2-1) ...
Selecting previously unselected package libreadline8:arm64.
Preparing to unpack .../4-libreadline8_8.1.2-1_arm64.deb ...
Unpacking libreadline8:arm64 (8.1.2-1) ...
Selecting previously unselected package libsqlite3-0:arm64.
Preparing to unpack .../5-libsqlite3-0_3.37.2-2ubuntu0.1_arm64.deb ...
Unpacking libsqlite3-0:arm64 (3.37.2-2ubuntu0.1) ...
Selecting previously unselected package libpython3.10-stdlib:arm64.
Preparing to unpack .../6-libpython3.10-stdlib_3.10.6-1~22.04.2ubuntu1_arm64.deb ...
Unpacking libpython3.10-stdlib:arm64 (3.10.6-1~22.04.2ubuntu1) ...
Selecting previously unselected package python3.10.
Preparing to unpack .../7-python3.10_3.10.6-1~22.04.2ubuntu1_arm64.deb ...
Unpacking python3.10 (3.10.6-1~22.04.2ubuntu1) ...
Selecting previously unselected package libpython3-stdlib:arm64.
Preparing to unpack .../8-libpython3-stdlib_3.10.6-1~22.04_arm64.deb ...
Unpacking libpython3-stdlib:arm64 (3.10.6-1~22.04) ...
Setting up python3-minimal (3.10.6-1~22.04) ...
Selecting previously unselected package python3.
(Reading database ... 5120 files and directories currently installed.)
Preparing to unpack .../0-python3_3.10.6-1~22.04_arm64.deb ...
Unpacking python3 (3.10.6-1~22.04) ...
Selecting previously unselected package libapparmor1:arm64.
Preparing to unpack .../1-libapparmor1_3.0.4-2ubuntu2.2_arm64.deb ...
Unpacking libapparmor1:arm64 (3.0.4-2ubuntu2.2) ...
Selecting previously unselected package libargon2-1:arm64.
Preparing to unpack .../2-libargon2-1_0~20171227-0.3_arm64.deb ...
Unpacking libargon2-1:arm64 (0~20171227-0.3) ...
Selecting previously unselected package libdevmapper1.02.1:arm64.
Preparing to unpack .../3-libdevmapper1.02.1_2%3a1.02.175-2.1ubuntu4_arm64.deb ...
Unpacking libdevmapper1.02.1:arm64 (2:1.02.175-2.1ubuntu4) ...
Selecting previously unselected package libjson-c5:arm64.
Preparing to unpack .../4-libjson-c5_0.15-3~ubuntu1.22.04.1_arm64.deb ...
Unpacking libjson-c5:arm64 (0.15-3~ubuntu1.22.04.1) ...
Selecting previously unselected package libcryptsetup12:arm64.
Preparing to unpack .../5-libcryptsetup12_2%3a2.4.3-1ubuntu1.1_arm64.deb ...
Unpacking libcryptsetup12:arm64 (2:2.4.3-1ubuntu1.1) ...
Selecting previously unselected package libip4tc2:arm64.
Preparing to unpack .../6-libip4tc2_1.8.7-1ubuntu5_arm64.deb ...
Unpacking libip4tc2:arm64 (1.8.7-1ubuntu5) ...
Selecting previously unselected package libkmod2:arm64.
Preparing to unpack .../7-libkmod2_29-1ubuntu1_arm64.deb ...
Unpacking libkmod2:arm64 (29-1ubuntu1) ...
Selecting previously unselected package systemd.
Preparing to unpack .../8-systemd_249.11-0ubuntu3.9_arm64.deb ...
Unpacking systemd (249.11-0ubuntu3.9) ...
Setting up libapparmor1:arm64 (3.0.4-2ubuntu2.2) ...
Setting up libargon2-1:arm64 (0~20171227-0.3) ...
Setting up libdevmapper1.02.1:arm64 (2:1.02.175-2.1ubuntu4) ...
Setting up libjson-c5:arm64 (0.15-3~ubuntu1.22.04.1) ...
Setting up libcryptsetup12:arm64 (2:2.4.3-1ubuntu1.1) ...
Setting up libip4tc2:arm64 (1.8.7-1ubuntu5) ...
Setting up libkmod2:arm64 (29-1ubuntu1) ...
Setting up systemd (249.11-0ubuntu3.9) ...
Created symlink /etc/systemd/system/getty.target.wants/getty@tty1.service → /lib/systemd/system/getty@.service.
Created symlink /etc/systemd/system/multi-user.target.wants/remote-fs.target → /lib/systemd/system/remote-fs.target.
Created symlink /etc/systemd/system/dbus-org.freedesktop.resolve1.service → /lib/systemd/system/systemd-resolved.service.
Created symlink /etc/systemd/system/multi-user.target.wants/systemd-resolved.service → /lib/systemd/system/systemd-resolved.service.
ln: failed to create symbolic link '/etc/resolv.conf': Device or resource busy
Created symlink /etc/systemd/system/sysinit.target.wants/systemd-pstore.service → /lib/systemd/system/systemd-pstore.service.
Initializing machine ID from random generator.
Selecting previously unselected package systemd-sysv.
(Reading database ... 5960 files and directories currently installed.)
Preparing to unpack .../00-systemd-sysv_249.11-0ubuntu3.9_arm64.deb ...
Unpacking systemd-sysv (249.11-0ubuntu3.9) ...
Selecting previously unselected package libmd0:arm64.
Preparing to unpack .../01-libmd0_1.0.4-1build1_arm64.deb ...
Unpacking libmd0:arm64 (1.0.4-1build1) ...
Selecting previously unselected package libbsd0:arm64.
Preparing to unpack .../02-libbsd0_0.11.5-1_arm64.deb ...
Unpacking libbsd0:arm64 (0.11.5-1) ...
Selecting previously unselected package libedit2:arm64.
Preparing to unpack .../03-libedit2_3.1-20210910-1build1_arm64.deb ...
Unpacking libedit2:arm64 (3.1-20210910-1build1) ...
Selecting previously unselected package libcbor0.8:arm64.
Preparing to unpack .../04-libcbor0.8_0.8.0-2ubuntu1_arm64.deb ...
Unpacking libcbor0.8:arm64 (0.8.0-2ubuntu1) ...
Selecting previously unselected package libfido2-1:arm64.
Preparing to unpack .../05-libfido2-1_1.10.0-1_arm64.deb ...
Unpacking libfido2-1:arm64 (1.10.0-1) ...
Selecting previously unselected package openssh-client.
Preparing to unpack .../06-openssh-client_1%3a8.9p1-3ubuntu0.1_arm64.deb ...
Unpacking openssh-client (1:8.9p1-3ubuntu0.1) ...
Selecting previously unselected package openssh-sftp-server.
Preparing to unpack .../07-openssh-sftp-server_1%3a8.9p1-3ubuntu0.1_arm64.deb ...
Unpacking openssh-sftp-server (1:8.9p1-3ubuntu0.1) ...
Selecting previously unselected package ucf.
Preparing to unpack .../08-ucf_3.0043_all.deb ...
Moving old data out of the way
Unpacking ucf (3.0043) ...
Selecting previously unselected package libwrap0:arm64.
Preparing to unpack .../09-libwrap0_7.6.q-31build2_arm64.deb ...
Unpacking libwrap0:arm64 (7.6.q-31build2) ...
Selecting previously unselected package openssh-server.
Preparing to unpack .../10-openssh-server_1%3a8.9p1-3ubuntu0.1_arm64.deb ...
Unpacking openssh-server (1:8.9p1-3ubuntu0.1) ...
Selecting previously unselected package perl-modules-5.34.
Preparing to unpack .../11-perl-modules-5.34_5.34.0-3ubuntu1.1_all.deb ...
Unpacking perl-modules-5.34 (5.34.0-3ubuntu1.1) ...
Selecting previously unselected package libgdbm6:arm64.
Preparing to unpack .../12-libgdbm6_1.23-1_arm64.deb ...
Unpacking libgdbm6:arm64 (1.23-1) ...
Selecting previously unselected package libgdbm-compat4:arm64.
Preparing to unpack .../13-libgdbm-compat4_1.23-1_arm64.deb ...
Unpacking libgdbm-compat4:arm64 (1.23-1) ...
Selecting previously unselected package libperl5.34:arm64.
Preparing to unpack .../14-libperl5.34_5.34.0-3ubuntu1.1_arm64.deb ...
Unpacking libperl5.34:arm64 (5.34.0-3ubuntu1.1) ...
Selecting previously unselected package perl.
Preparing to unpack .../15-perl_5.34.0-3ubuntu1.1_arm64.deb ...
Unpacking perl (5.34.0-3ubuntu1.1) ...
Selecting previously unselected package apt-utils.
Preparing to unpack .../16-apt-utils_2.4.9_arm64.deb ...
Unpacking apt-utils (2.4.9) ...
Selecting previously unselected package openssl.
Preparing to unpack .../17-openssl_3.0.2-0ubuntu1.9_arm64.deb ...
Unpacking openssl (3.0.2-0ubuntu1.9) ...
Selecting previously unselected package ca-certificates.
Preparing to unpack .../18-ca-certificates_20211016ubuntu0.22.04.1_all.deb ...
Unpacking ca-certificates (20211016ubuntu0.22.04.1) ...
Selecting previously unselected package libdbus-1-3:arm64.
Preparing to unpack .../19-libdbus-1-3_1.12.20-2ubuntu4.1_arm64.deb ...
Unpacking libdbus-1-3:arm64 (1.12.20-2ubuntu4.1) ...
Selecting previously unselected package dbus.
Preparing to unpack .../20-dbus_1.12.20-2ubuntu4.1_arm64.deb ...
Unpacking dbus (1.12.20-2ubuntu4.1) ...
Selecting previously unselected package distro-info-data.
Preparing to unpack .../21-distro-info-data_0.52ubuntu0.4_all.deb ...
Unpacking distro-info-data (0.52ubuntu0.4) ...
Selecting previously unselected package dmsetup.
Preparing to unpack .../22-dmsetup_2%3a1.02.175-2.1ubuntu4_arm64.deb ...
Unpacking dmsetup (2:1.02.175-2.1ubuntu4) ...
Selecting previously unselected package libglib2.0-0:arm64.
Preparing to unpack .../23-libglib2.0-0_2.72.4-0ubuntu2_arm64.deb ...
Unpacking libglib2.0-0:arm64 (2.72.4-0ubuntu2) ...
Selecting previously unselected package libgirepository-1.0-1:arm64.
Preparing to unpack .../24-libgirepository-1.0-1_1.72.0-1_arm64.deb ...
Unpacking libgirepository-1.0-1:arm64 (1.72.0-1) ...
Selecting previously unselected package gir1.2-glib-2.0:arm64.
Preparing to unpack .../25-gir1.2-glib-2.0_1.72.0-1_arm64.deb ...
Unpacking gir1.2-glib-2.0:arm64 (1.72.0-1) ...
Selecting previously unselected package less.
Preparing to unpack .../26-less_590-1ubuntu0.22.04.1_arm64.deb ...
Unpacking less (590-1ubuntu0.22.04.1) ...
Selecting previously unselected package libglib2.0-data.
Preparing to unpack .../27-libglib2.0-data_2.72.4-0ubuntu2_all.deb ...
Unpacking libglib2.0-data (2.72.4-0ubuntu2) ...
Selecting previously unselected package libicu70:arm64.
Preparing to unpack .../28-libicu70_70.1-2_arm64.deb ...
Unpacking libicu70:arm64 (70.1-2) ...
Selecting previously unselected package libnss-systemd:arm64.
Preparing to unpack .../29-libnss-systemd_249.11-0ubuntu3.9_arm64.deb ...
Unpacking libnss-systemd:arm64 (249.11-0ubuntu3.9) ...
Selecting previously unselected package libpam-systemd:arm64.
Preparing to unpack .../30-libpam-systemd_249.11-0ubuntu3.9_arm64.deb ...
Unpacking libpam-systemd:arm64 (249.11-0ubuntu3.9) ...
Selecting previously unselected package libxml2:arm64.
Preparing to unpack .../31-libxml2_2.9.13+dfsg-1ubuntu0.3_arm64.deb ...
Unpacking libxml2:arm64 (2.9.13+dfsg-1ubuntu0.3) ...
Selecting previously unselected package lsb-release.
Preparing to unpack .../32-lsb-release_11.1.0ubuntu4_all.deb ...
Unpacking lsb-release (11.1.0ubuntu4) ...
Selecting previously unselected package netbase.
Preparing to unpack .../33-netbase_6.3_all.deb ...
Unpacking netbase (6.3) ...
Selecting previously unselected package python3-dbus.
Preparing to unpack .../34-python3-dbus_1.2.18-3build1_arm64.deb ...
Unpacking python3-dbus (1.2.18-3build1) ...
Selecting previously unselected package python3-gi.
Preparing to unpack .../35-python3-gi_3.42.1-0ubuntu1_arm64.deb ...
Unpacking python3-gi (3.42.1-0ubuntu1) ...
Selecting previously unselected package networkd-dispatcher.
Preparing to unpack .../36-networkd-dispatcher_2.1-2ubuntu0.22.04.2_all.deb ...
Unpacking networkd-dispatcher (2.1-2ubuntu0.22.04.2) ...
Selecting previously unselected package shared-mime-info.
Preparing to unpack .../37-shared-mime-info_2.1-2_arm64.deb ...
Unpacking shared-mime-info (2.1-2) ...
Selecting previously unselected package systemd-timesyncd.
Preparing to unpack .../38-systemd-timesyncd_249.11-0ubuntu3.9_arm64.deb ...
Unpacking systemd-timesyncd (249.11-0ubuntu3.9) ...
Selecting previously unselected package tzdata.
Preparing to unpack .../39-tzdata_2023c-0ubuntu0.22.04.1_all.deb ...
Unpacking tzdata (2023c-0ubuntu0.22.04.1) ...
Selecting previously unselected package xdg-user-dirs.
Preparing to unpack .../40-xdg-user-dirs_0.17-2ubuntu4_arm64.deb ...
Unpacking xdg-user-dirs (0.17-2ubuntu4) ...
Selecting previously unselected package libnghttp2-14:arm64.
Preparing to unpack .../41-libnghttp2-14_1.43.0-1build3_arm64.deb ...
Unpacking libnghttp2-14:arm64 (1.43.0-1build3) ...
Selecting previously unselected package libpsl5:arm64.
Preparing to unpack .../42-libpsl5_0.21.0-1.2build2_arm64.deb ...
Unpacking libpsl5:arm64 (0.21.0-1.2build2) ...
Selecting previously unselected package libxau6:arm64.
Preparing to unpack .../43-libxau6_1%3a1.0.9-1build5_arm64.deb ...
Unpacking libxau6:arm64 (1:1.0.9-1build5) ...
Selecting previously unselected package libxdmcp6:arm64.
Preparing to unpack .../44-libxdmcp6_1%3a1.1.3-0ubuntu5_arm64.deb ...
Unpacking libxdmcp6:arm64 (1:1.1.3-0ubuntu5) ...
Selecting previously unselected package libxcb1:arm64.
Preparing to unpack .../45-libxcb1_1.14-3ubuntu3_arm64.deb ...
Unpacking libxcb1:arm64 (1.14-3ubuntu3) ...
Selecting previously unselected package libx11-data.
Preparing to unpack .../46-libx11-data_2%3a1.7.5-1_all.deb ...
Unpacking libx11-data (2:1.7.5-1) ...
Selecting previously unselected package libx11-6:arm64.
Preparing to unpack .../47-libx11-6_2%3a1.7.5-1_arm64.deb ...
Unpacking libx11-6:arm64 (2:1.7.5-1) ...
Selecting previously unselected package libxext6:arm64.
Preparing to unpack .../48-libxext6_2%3a1.3.4-1build1_arm64.deb ...
Unpacking libxext6:arm64 (2:1.3.4-1build1) ...
Selecting previously unselected package libxmuu1:arm64.
Preparing to unpack .../49-libxmuu1_2%3a1.1.3-3_arm64.deb ...
Unpacking libxmuu1:arm64 (2:1.1.3-3) ...
Selecting previously unselected package publicsuffix.
Preparing to unpack .../50-publicsuffix_20211207.1025-1_all.deb ...
Unpacking publicsuffix (20211207.1025-1) ...
Selecting previously unselected package wget.
Preparing to unpack .../51-wget_1.21.2-2ubuntu1_arm64.deb ...
Unpacking wget (1.21.2-2ubuntu1) ...
Selecting previously unselected package xauth.
Preparing to unpack .../52-xauth_1%3a1.1-1build2_arm64.deb ...
Unpacking xauth (1:1.1-1build2) ...
Selecting previously unselected package libbrotli1:arm64.
Preparing to unpack .../53-libbrotli1_1.0.9-2build6_arm64.deb ...
Unpacking libbrotli1:arm64 (1.0.9-2build6) ...
Selecting previously unselected package libsasl2-modules-db:arm64.
Preparing to unpack .../54-libsasl2-modules-db_2.1.27+dfsg2-3ubuntu1.2_arm64.deb ...
Unpacking libsasl2-modules-db:arm64 (2.1.27+dfsg2-3ubuntu1.2) ...
Selecting previously unselected package libsasl2-2:arm64.
Preparing to unpack .../55-libsasl2-2_2.1.27+dfsg2-3ubuntu1.2_arm64.deb ...
Unpacking libsasl2-2:arm64 (2.1.27+dfsg2-3ubuntu1.2) ...
Selecting previously unselected package libldap-2.5-0:arm64.
Preparing to unpack .../56-libldap-2.5-0_2.5.14+dfsg-0ubuntu0.22.04.2_arm64.deb ...
Unpacking libldap-2.5-0:arm64 (2.5.14+dfsg-0ubuntu0.22.04.2) ...
Selecting previously unselected package librtmp1:arm64.
Preparing to unpack .../57-librtmp1_2.4+20151223.gitfa8646d.1-2build4_arm64.deb ...
Unpacking librtmp1:arm64 (2.4+20151223.gitfa8646d.1-2build4) ...
Selecting previously unselected package libssh-4:arm64.
Preparing to unpack .../58-libssh-4_0.9.6-2build1_arm64.deb ...
Unpacking libssh-4:arm64 (0.9.6-2build1) ...
Selecting previously unselected package libcurl3-gnutls:arm64.
Preparing to unpack .../59-libcurl3-gnutls_7.81.0-1ubuntu1.10_arm64.deb ...
Unpacking libcurl3-gnutls:arm64 (7.81.0-1ubuntu1.10) ...
Selecting previously unselected package liberror-perl.
Preparing to unpack .../60-liberror-perl_0.17029-1_all.deb ...
Unpacking liberror-perl (0.17029-1) ...
Selecting previously unselected package git-man.
Preparing to unpack .../61-git-man_1%3a2.34.1-1ubuntu1.9_all.deb ...
Unpacking git-man (1:2.34.1-1ubuntu1.9) ...
Selecting previously unselected package git.
Preparing to unpack .../62-git_1%3a2.34.1-1ubuntu1.9_arm64.deb ...
Unpacking git (1:2.34.1-1ubuntu1.9) ...
Selecting previously unselected package libldap-common.
Preparing to unpack .../63-libldap-common_2.5.14+dfsg-0ubuntu0.22.04.2_all.deb ...
Unpacking libldap-common (2.5.14+dfsg-0ubuntu0.22.04.2) ...
Selecting previously unselected package libsasl2-modules:arm64.
Preparing to unpack .../64-libsasl2-modules_2.1.27+dfsg2-3ubuntu1.2_arm64.deb ...
Unpacking libsasl2-modules:arm64 (2.1.27+dfsg2-3ubuntu1.2) ...
Selecting previously unselected package ncurses-term.
Preparing to unpack .../65-ncurses-term_6.3-2_all.deb ...
Unpacking ncurses-term (6.3-2) ...
Selecting previously unselected package patch.
Preparing to unpack .../66-patch_2.7.6-7build2_arm64.deb ...
Unpacking patch (2.7.6-7build2) ...
Selecting previously unselected package python3-distro.
Preparing to unpack .../67-python3-distro_1.7.0-1_all.deb ...
Unpacking python3-distro (1.7.0-1) ...
Selecting previously unselected package ssh-import-id.
Preparing to unpack .../68-ssh-import-id_5.11-0ubuntu1_all.deb ...
Unpacking ssh-import-id (5.11-0ubuntu1) ...
Setting up media-types (7.0.0) ...
Setting up systemd-sysv (249.11-0ubuntu3.9) ...
Setting up libxau6:arm64 (1:1.0.9-1build5) ...
Setting up libpsl5:arm64 (0.21.0-1.2build2) ...
Setting up apt-utils (2.4.9) ...
Setting up wget (1.21.2-2ubuntu1) ...
Setting up xdg-user-dirs (0.17-2ubuntu4) ...
Setting up libglib2.0-0:arm64 (2.72.4-0ubuntu2) ...
No schema files found: doing nothing.
Setting up distro-info-data (0.52ubuntu0.4) ...
Setting up libcbor0.8:arm64 (0.8.0-2ubuntu1) ...
Setting up libbrotli1:arm64 (1.0.9-2build6) ...
Setting up libsqlite3-0:arm64 (3.37.2-2ubuntu0.1) ...
Setting up libsasl2-modules:arm64 (2.1.27+dfsg2-3ubuntu1.2) ...
Setting up libnghttp2-14:arm64 (1.43.0-1build3) ...
Setting up less (590-1ubuntu0.22.04.1) ...
Setting up libnss-systemd:arm64 (249.11-0ubuntu3.9) ...
First installation detected...
Checking NSS setup...
Setting up perl-modules-5.34 (5.34.0-3ubuntu1.1) ...
Setting up libldap-common (2.5.14+dfsg-0ubuntu0.22.04.2) ...
Setting up libsasl2-modules-db:arm64 (2.1.27+dfsg2-3ubuntu1.2) ...
Setting up tzdata (2023c-0ubuntu0.22.04.1) ...

Current default time zone: 'Etc/UTC'
Local time is now:      Wed May 17 15:56:01 UTC 2023.
Universal Time is now:  Wed May 17 15:56:01 UTC 2023.
Run 'dpkg-reconfigure tzdata' if you wish to change it.

Setting up libglib2.0-data (2.72.4-0ubuntu2) ...
Setting up libwrap0:arm64 (7.6.q-31build2) ...
Setting up libx11-data (2:1.7.5-1) ...
Setting up librtmp1:arm64 (2.4+20151223.gitfa8646d.1-2build4) ...
Setting up libdbus-1-3:arm64 (1.12.20-2ubuntu4.1) ...
Setting up dbus (1.12.20-2ubuntu4.1) ...
Setting up systemd-timesyncd (249.11-0ubuntu3.9) ...
Created symlink /etc/systemd/system/dbus-org.freedesktop.timesync1.service → /lib/systemd/system/systemd-timesyncd.service.
Created symlink /etc/systemd/system/sysinit.target.wants/systemd-timesyncd.service → /lib/systemd/system/systemd-timesyncd.service.
Setting up patch (2.7.6-7build2) ...
Setting up ucf (3.0043) ...
Setting up libsasl2-2:arm64 (2.1.27+dfsg2-3ubuntu1.2) ...
Setting up libssh-4:arm64 (0.9.6-2build1) ...
Setting up libmd0:arm64 (1.0.4-1build1) ...
Setting up dmsetup (2:1.02.175-2.1ubuntu4) ...
Setting up libmpdec3:arm64 (2.5.1-2build2) ...
Setting up libpam-systemd:arm64 (249.11-0ubuntu3.9) ...
Setting up git-man (1:2.34.1-1ubuntu1.9) ...
Setting up libgirepository-1.0-1:arm64 (1.72.0-1) ...
Setting up netbase (6.3) ...
Setting up libfido2-1:arm64 (1.10.0-1) ...
Setting up openssl (3.0.2-0ubuntu1.9) ...
Setting up libbsd0:arm64 (0.11.5-1) ...
Setting up readline-common (8.1.2-1) ...
Setting up publicsuffix (20211207.1025-1) ...
Setting up libgdbm6:arm64 (1.23-1) ...
Setting up libicu70:arm64 (70.1-2) ...
Setting up ncurses-term (6.3-2) ...
Setting up libxdmcp6:arm64 (1:1.1.3-0ubuntu5) ...
Setting up libxcb1:arm64 (1.14-3ubuntu3) ...
Setting up libedit2:arm64 (3.1-20210910-1build1) ...
Setting up libreadline8:arm64 (8.1.2-1) ...
Setting up libldap-2.5-0:arm64 (2.5.14+dfsg-0ubuntu0.22.04.2) ...
Setting up libpython3.10-stdlib:arm64 (3.10.6-1~22.04.2ubuntu1) ...
Setting up ca-certificates (20211016ubuntu0.22.04.1) ...
Updating certificates in /etc/ssl/certs...
124 added, 0 removed; done.
Setting up libgdbm-compat4:arm64 (1.23-1) ...
Setting up gir1.2-glib-2.0:arm64 (1.72.0-1) ...
Setting up libx11-6:arm64 (2:1.7.5-1) ...
Setting up libxml2:arm64 (2.9.13+dfsg-1ubuntu0.3) ...
Setting up libxmuu1:arm64 (2:1.1.3-3) ...
Setting up libpython3-stdlib:arm64 (3.10.6-1~22.04) ...
Setting up libperl5.34:arm64 (5.34.0-3ubuntu1.1) ...
Setting up python3.10 (3.10.6-1~22.04.2ubuntu1) ...
Setting up openssh-client (1:8.9p1-3ubuntu0.1) ...
update-alternatives: using /usr/bin/ssh to provide /usr/bin/rsh (rsh) in auto mode
update-alternatives: warning: skip creation of /usr/share/man/man1/rsh.1.gz because associated file /usr/share/man/man1/ssh.1.gz (of link group rsh) doesn't exist
update-alternatives: using /usr/bin/slogin to provide /usr/bin/rlogin (rlogin) in auto mode
update-alternatives: warning: skip creation of /usr/share/man/man1/rlogin.1.gz because associated file /usr/share/man/man1/slogin.1.gz (of link group rlogin) doesn't exist
update-alternatives: using /usr/bin/scp to provide /usr/bin/rcp (rcp) in auto mode
update-alternatives: warning: skip creation of /usr/share/man/man1/rcp.1.gz because associated file /usr/share/man/man1/scp.1.gz (of link group rcp) doesn't exist
Setting up libxext6:arm64 (2:1.3.4-1build1) ...
Setting up libcurl3-gnutls:arm64 (7.81.0-1ubuntu1.10) ...
Setting up python3 (3.10.6-1~22.04) ...
Setting up perl (5.34.0-3ubuntu1.1) ...
Setting up python3-gi (3.42.1-0ubuntu1) ...
Setting up shared-mime-info (2.1-2) ...
Setting up xauth (1:1.1-1build2) ...
Setting up lsb-release (11.1.0ubuntu4) ...
Setting up openssh-sftp-server (1:8.9p1-3ubuntu0.1) ...
Setting up python3-dbus (1.2.18-3build1) ...
Setting up python3-distro (1.7.0-1) ...
Setting up openssh-server (1:8.9p1-3ubuntu0.1) ...

Creating config file /etc/ssh/sshd_config with new version
Creating SSH2 RSA key; this may take some time ...
3072 SHA256:aLheag2LlpwOGabYwwUQAr5XEaJXV0PvyL/EkSUNU0I root@5c237852c3bd (RSA)
Creating SSH2 ECDSA key; this may take some time ...
256 SHA256:fgzFh9lGLkbgLWvgZZVB0JVeBK7V+McDRxU2b5DAhVk root@5c237852c3bd (ECDSA)
Creating SSH2 ED25519 key; this may take some time ...
256 SHA256:wxm1tP8wrsm0p4d0BGpJcOZc3sgs3hZH2xMzeXp3/HM root@5c237852c3bd (ED25519)
invoke-rc.d: could not determine current runlevel
invoke-rc.d: policy-rc.d denied execution of start.
Created symlink /etc/systemd/system/sshd.service → /lib/systemd/system/ssh.service.
Created symlink /etc/systemd/system/multi-user.target.wants/ssh.service → /lib/systemd/system/ssh.service.
Setting up ssh-import-id (5.11-0ubuntu1) ...
Setting up liberror-perl (0.17029-1) ...
Setting up git (1:2.34.1-1ubuntu1.9) ...
Setting up networkd-dispatcher (2.1-2ubuntu0.22.04.2) ...
Created symlink /etc/systemd/system/multi-user.target.wants/networkd-dispatcher.service → /lib/systemd/system/networkd-dispatcher.service.
Processing triggers for libc-bin (2.35-0ubuntu3.1) ...
Processing triggers for ca-certificates (20211016ubuntu0.22.04.1) ...
Updating certificates in /etc/ssl/certs...
0 added, 0 removed; done.
Running hooks in /etc/ca-certificates/update.d...
done.
Removing intermediate container 5c237852c3bd
 ---> fd84bc848036
Step 3/17 : ADD wanted/ssh*config /etc/ssh/
 ---> 31ec6749d416
Step 4/17 : ADD kid/id_ed25519 kid/id_ed25519.pub /root/.ssh/
 ---> ab610cef1dbc
Step 5/17 : ADD authorized_keys /root/.ssh/
 ---> c3958c9c749c
Step 6/17 : ADD kid/id_ed25519 kid/id_ed25519.pub /home/kid/.ssh/
 ---> c067b9f27fff
Step 7/17 : ADD authorized_keys /home/kid/.ssh/
 ---> 7500f71d5989
Step 8/17 : ADD prod/id_ed25519 prod/id_ed25519.pub /home/prod/.ssh/
 ---> 7fb23aa1cab8
Step 9/17 : ADD authorized_keys /home/prod/.ssh/
 ---> 43985bf54cbd
Step 10/17 : ADD devops/id_ed25519 devops/id_ed25519.pub /home/devops/.ssh/
 ---> 149a051a75b3
Step 11/17 : ADD authorized_keys /home/devops/.ssh/
 ---> d9e3d34c46ac
Step 12/17 : RUN chmod 700 /root/.ssh;   chmod 700 /home/kid/.ssh; chown -R kid:kid /home/kid/.ssh;  chmod 700 /home/devops/.ssh; chown -R devops:devops /home/devops/.ssh;  chmod 700 /home/prod/.ssh; chown -R prod:prod /home/prod/.ssh
 ---> Running in f51958edfe9b
Removing intermediate container f51958edfe9b
 ---> dd9cb14f70ca
Step 13/17 : ADD rpf_setup_remote /home/prod
 ---> b618fd0c1ee6
Step 14/17 : ADD rpf_setup_local run.sh /root/
 ---> ca926a553fec
Step 15/17 : ADD rpf_setup_local rpf_setup_remote /home/kid/
 ---> 37f2e97c7f29
Step 16/17 : RUN chmod +x /root/run.sh
 ---> Running in f0840d94c78f
Removing intermediate container f0840d94c78f
 ---> bc2af9c6a904
Step 17/17 : CMD ["bash","-c","/root/run.sh"]
 ---> Running in 2f0aaa56de3b
Removing intermediate container 2f0aaa56de3b
 ---> 810b803bcc31
Successfully built 810b803bcc31
Successfully tagged didalik/role-based-repos:1.0.0
Login with your Docker ID to push and pull images from Docker Hub. If you don't have a Docker ID, head over to https://hub.docker.com to create one.
Username: didalik
Password: 
WARNING! Your password will be stored unencrypted in /root/snap/docker/2857/.docker/config.json.
Configure a credential helper to remove this warning. See
https://docs.docker.com/engine/reference/commandline/login/#credentials-store

Login Succeeded
The push refers to repository [docker.io/didalik/role-based-repos]
39c3339f31f5: Pushed 
24016fcf39e8: Pushed 
dc667304abd5: Pushed 
8d175c8d1a21: Pushed 
a9d05cd9e906: Pushed 
fe46b448a19b: Pushed 
2af201a13de6: Pushed 
e72559a35c6d: Pushed 
ee4fc0c355ca: Pushed 
7912ec7d98b9: Pushed 
bcab76505e9e: Pushed 
43b368fd538c: Pushed 
aec65cfb2c49: Pushed 
192df70a8e7e: Pushed 
8633438e1083: Pushed 
b49483f6a0e6: Mounted from library/ubuntu 
1.0.0: digest: sha256:e5c70ce3aa26e9b6e4e7ec4260afc1dc521a423de6b14814ea9b29b15dc0e73e size: 3641
The push refers to repository [docker.io/didalik/role-based-repos]
39c3339f31f5: Layer already exists 
24016fcf39e8: Layer already exists 
dc667304abd5: Layer already exists 
8d175c8d1a21: Layer already exists 
a9d05cd9e906: Layer already exists 
fe46b448a19b: Layer already exists 
2af201a13de6: Layer already exists 
e72559a35c6d: Layer already exists 
ee4fc0c355ca: Layer already exists 
7912ec7d98b9: Layer already exists 
bcab76505e9e: Layer already exists 
43b368fd538c: Layer already exists 
aec65cfb2c49: Layer already exists 
192df70a8e7e: Layer already exists 
8633438e1083: Layer already exists 
b49483f6a0e6: Layer already exists 
latest: digest: sha256:e5c70ce3aa26e9b6e4e7ec4260afc1dc521a423de6b14814ea9b29b15dc0e73e size: 3641
make[2]: Leaving directory '/home/alik/people/didalik/sandbox/ssh-kid-image/configure-ssh/kid-git-role'
make[1]: Leaving directory '/home/alik/people/didalik/sandbox/ssh-kid-image/configure-ssh'

Press ENTER or type command to continue

